execve("/usr/bin/python3", ["python3", "./hello.py"], 0x7fff72c78298 /* 26 vars */) = 0
brk(NULL)                               = 0xeac000
access("/etc/ld.so.nohwcap", F_OK)      = -1 ENOENT (No such file or directory)
access("/etc/ld.so.preload", R_OK)      = -1 ENOENT (No such file or directory)
openat(AT_FDCWD, "/etc/ld.so.cache", O_RDONLY|O_CLOEXEC) = 3
fstat(3, {st_mode=S_IFREG|0644, st_size=76912, ...}) = 0
mmap(NULL, 76912, PROT_READ, MAP_PRIVATE, 3, 0) = 0x7fe800c78000
close(3)                                = 0
access("/etc/ld.so.nohwcap", F_OK)      = -1 ENOENT (No such file or directory)
openat(AT_FDCWD, "/lib/x86_64-linux-gnu/libpthread.so.0", O_RDONLY|O_CLOEXEC) = 3
read(3, "\177ELF\2\1\1\0\0\0\0\0\0\0\0\0\3\0>\0\1\0\0\0000b\0\0\0\0\0\0"..., 832) = 832
fstat(3, {st_mode=S_IFREG|0755, st_size=144976, ...}) = 0
mmap(NULL, 8192, PROT_READ|PROT_WRITE, MAP_PRIVATE|MAP_ANONYMOUS, -1, 0) = 0x7fe800c76000
mmap(NULL, 2221184, PROT_READ|PROT_EXEC, MAP_PRIVATE|MAP_DENYWRITE, 3, 0) = 0x7fe800845000
mprotect(0x7fe80085f000, 2093056, PROT_NONE) = 0
mmap(0x7fe800a5e000, 8192, PROT_READ|PROT_WRITE, MAP_PRIVATE|MAP_FIXED|MAP_DENYWRITE, 3, 0x19000) = 0x7fe800a5e000
mmap(0x7fe800a60000, 13440, PROT_READ|PROT_WRITE, MAP_PRIVATE|MAP_FIXED|MAP_ANONYMOUS, -1, 0) = 0x7fe800a60000
close(3)                                = 0
access("/etc/ld.so.nohwcap", F_OK)      = -1 ENOENT (No such file or directory)
openat(AT_FDCWD, "/lib/x86_64-linux-gnu/libdl.so.2", O_RDONLY|O_CLOEXEC) = 3
read(3, "\177ELF\2\1\1\0\0\0\0\0\0\0\0\0\3\0>\0\1\0\0\0P\16\0\0\0\0\0\0"..., 832) = 832
fstat(3, {st_mode=S_IFREG|0644, st_size=14560, ...}) = 0
mmap(NULL, 2109712, PROT_READ|PROT_EXEC, MAP_PRIVATE|MAP_DENYWRITE, 3, 0) = 0x7fe800641000
mprotect(0x7fe800644000, 2093056, PROT_NONE) = 0
mmap(0x7fe800843000, 8192, PROT_READ|PROT_WRITE, MAP_PRIVATE|MAP_FIXED|MAP_DENYWRITE, 3, 0x2000) = 0x7fe800843000
close(3)                                = 0
access("/etc/ld.so.nohwcap", F_OK)      = -1 ENOENT (No such file or directory)
openat(AT_FDCWD, "/lib/x86_64-linux-gnu/libutil.so.1", O_RDONLY|O_CLOEXEC) = 3
read(3, "\177ELF\2\1\1\0\0\0\0\0\0\0\0\0\3\0>\0\1\0\0\0p\16\0\0\0\0\0\0"..., 832) = 832
fstat(3, {st_mode=S_IFREG|0644, st_size=10592, ...}) = 0
mmap(NULL, 2105616, PROT_READ|PROT_EXEC, MAP_PRIVATE|MAP_DENYWRITE, 3, 0) = 0x7fe80043e000
mprotect(0x7fe800440000, 2093056, PROT_NONE) = 0
mmap(0x7fe80063f000, 8192, PROT_READ|PROT_WRITE, MAP_PRIVATE|MAP_FIXED|MAP_DENYWRITE, 3, 0x1000) = 0x7fe80063f000
close(3)                                = 0
access("/etc/ld.so.nohwcap", F_OK)      = -1 ENOENT (No such file or directory)
openat(AT_FDCWD, "/lib/x86_64-linux-gnu/libexpat.so.1", O_RDONLY|O_CLOEXEC) = 3
read(3, "\177ELF\2\1\1\0\0\0\0\0\0\0\0\0\3\0>\0\1\0\0\0@8\0\0\0\0\0\0"..., 832) = 832
fstat(3, {st_mode=S_IFREG|0644, st_size=202880, ...}) = 0
mmap(NULL, 2298016, PROT_READ|PROT_EXEC, MAP_PRIVATE|MAP_DENYWRITE, 3, 0) = 0x7fe80020c000
mprotect(0x7fe80023b000, 2097152, PROT_NONE) = 0
mmap(0x7fe80043b000, 12288, PROT_READ|PROT_WRITE, MAP_PRIVATE|MAP_FIXED|MAP_DENYWRITE, 3, 0x2f000) = 0x7fe80043b000
close(3)                                = 0
access("/etc/ld.so.nohwcap", F_OK)      = -1 ENOENT (No such file or directory)
openat(AT_FDCWD, "/lib/x86_64-linux-gnu/libz.so.1", O_RDONLY|O_CLOEXEC) = 3
read(3, "\177ELF\2\1\1\0\0\0\0\0\0\0\0\0\3\0>\0\1\0\0\0\220\37\0\0\0\0\0\0"..., 832) = 832
fstat(3, {st_mode=S_IFREG|0644, st_size=116960, ...}) = 0
mmap(NULL, 2212016, PROT_READ|PROT_EXEC, MAP_PRIVATE|MAP_DENYWRITE, 3, 0) = 0x7fe7fffef000
mprotect(0x7fe80000b000, 2093056, PROT_NONE) = 0
mmap(0x7fe80020a000, 8192, PROT_READ|PROT_WRITE, MAP_PRIVATE|MAP_FIXED|MAP_DENYWRITE, 3, 0x1b000) = 0x7fe80020a000
close(3)                                = 0
access("/etc/ld.so.nohwcap", F_OK)      = -1 ENOENT (No such file or directory)
openat(AT_FDCWD, "/lib/x86_64-linux-gnu/libm.so.6", O_RDONLY|O_CLOEXEC) = 3
read(3, "\177ELF\2\1\1\3\0\0\0\0\0\0\0\0\3\0>\0\1\0\0\0\200\272\0\0\0\0\0\0"..., 832) = 832
fstat(3, {st_mode=S_IFREG|0644, st_size=1700792, ...}) = 0
mmap(NULL, 3789144, PROT_READ|PROT_EXEC, MAP_PRIVATE|MAP_DENYWRITE, 3, 0) = 0x7fe7ffc51000
mprotect(0x7fe7ffdee000, 2093056, PROT_NONE) = 0
mmap(0x7fe7fffed000, 8192, PROT_READ|PROT_WRITE, MAP_PRIVATE|MAP_FIXED|MAP_DENYWRITE, 3, 0x19c000) = 0x7fe7fffed000
close(3)                                = 0
access("/etc/ld.so.nohwcap", F_OK)      = -1 ENOENT (No such file or directory)
openat(AT_FDCWD, "/lib/x86_64-linux-gnu/libc.so.6", O_RDONLY|O_CLOEXEC) = 3
read(3, "\177ELF\2\1\1\3\0\0\0\0\0\0\0\0\3\0>\0\1\0\0\0\260\34\2\0\0\0\0\0"..., 832) = 832
fstat(3, {st_mode=S_IFREG|0755, st_size=2030544, ...}) = 0
mmap(NULL, 8192, PROT_READ|PROT_WRITE, MAP_PRIVATE|MAP_ANONYMOUS, -1, 0) = 0x7fe800c74000
mmap(NULL, 4131552, PROT_READ|PROT_EXEC, MAP_PRIVATE|MAP_DENYWRITE, 3, 0) = 0x7fe7ff860000
mprotect(0x7fe7ffa47000, 2097152, PROT_NONE) = 0
mmap(0x7fe7ffc47000, 24576, PROT_READ|PROT_WRITE, MAP_PRIVATE|MAP_FIXED|MAP_DENYWRITE, 3, 0x1e7000) = 0x7fe7ffc47000
mmap(0x7fe7ffc4d000, 15072, PROT_READ|PROT_WRITE, MAP_PRIVATE|MAP_FIXED|MAP_ANONYMOUS, -1, 0) = 0x7fe7ffc4d000
close(3)                                = 0
mmap(NULL, 12288, PROT_READ|PROT_WRITE, MAP_PRIVATE|MAP_ANONYMOUS, -1, 0) = 0x7fe800c71000
arch_prctl(ARCH_SET_FS, 0x7fe800c71740) = 0
mprotect(0x7fe7ffc47000, 16384, PROT_READ) = 0
mprotect(0x7fe7fffed000, 4096, PROT_READ) = 0
mprotect(0x7fe80020a000, 4096, PROT_READ) = 0
mprotect(0x7fe80043b000, 8192, PROT_READ) = 0
mprotect(0x7fe80063f000, 4096, PROT_READ) = 0
mprotect(0x7fe800843000, 4096, PROT_READ) = 0
mprotect(0x7fe800a5e000, 4096, PROT_READ) = 0
mprotect(0x9c0000, 4096, PROT_READ)     = 0
mprotect(0x7fe800c8b000, 4096, PROT_READ) = 0
munmap(0x7fe800c78000, 76912)           = 0
set_tid_address(0x7fe800c71a10)         = 10461
set_robust_list(0x7fe800c71a20, 24)     = 0
rt_sigaction(SIGRTMIN, {sa_handler=0x7fe80084acb0, sa_mask=[], sa_flags=SA_RESTORER|SA_SIGINFO, sa_restorer=0x7fe800857890}, NULL, 8) = 0
rt_sigaction(SIGRT_1, {sa_handler=0x7fe80084ad50, sa_mask=[], sa_flags=SA_RESTORER|SA_RESTART|SA_SIGINFO, sa_restorer=0x7fe800857890}, NULL, 8) = 0
rt_sigprocmask(SIG_UNBLOCK, [RTMIN RT_1], NULL, 8) = 0
prlimit64(0, RLIMIT_STACK, NULL, {rlim_cur=8192*1024, rlim_max=RLIM64_INFINITY}) = 0
brk(NULL)                               = 0xeac000
brk(0xecd000)                           = 0xecd000
openat(AT_FDCWD, "/usr/lib/locale/locale-archive", O_RDONLY|O_CLOEXEC) = 3
fstat(3, {st_mode=S_IFREG|0644, st_size=11330944, ...}) = 0
mmap(NULL, 11330944, PROT_READ, MAP_PRIVATE, 3, 0) = 0x7fe7fed91000
close(3)                                = 0
openat(AT_FDCWD, "/usr/lib/x86_64-linux-gnu/gconv/gconv-modules.cache", O_RDONLY) = 3
fstat(3, {st_mode=S_IFREG|0644, st_size=26376, ...}) = 0
mmap(NULL, 26376, PROT_READ, MAP_SHARED, 3, 0) = 0x7fe800c84000
close(3)                                = 0
futex(0x7fe7ffc4ca08, FUTEX_WAKE_PRIVATE, 2147483647) = 0
getrandom("\x77\xd9\x42\xd6\x42\x97\x77\x86\xe3\x29\x04\x73\x32\x1a\xb5\xba\x4a\x0e\x89\xae\xe2\x87\xd9\x36", 24, GRND_NONBLOCK) = 24
ioctl(0, TCGETS, {B38400 opost isig icanon echo ...}) = 0
mmap(NULL, 262144, PROT_READ|PROT_WRITE, MAP_PRIVATE|MAP_ANONYMOUS, -1, 0) = 0x7fe800c31000
mmap(NULL, 262144, PROT_READ|PROT_WRITE, MAP_PRIVATE|MAP_ANONYMOUS, -1, 0) = 0x7fe800bf1000
munmap(0x7fe800bf1000, 262144)          = 0
mmap(NULL, 262144, PROT_READ|PROT_WRITE, MAP_PRIVATE|MAP_ANONYMOUS, -1, 0) = 0x7fe800bf1000
fstat(0, {st_mode=S_IFCHR|0620, st_rdev=makedev(136, 0), ...}) = 0
stat("/usr/local/sbin/python3", 0x7ffdf2132c20) = -1 ENOENT (No such file or directory)
stat("/usr/local/bin/python3", 0x7ffdf2132c20) = -1 ENOENT (No such file or directory)
stat("/usr/sbin/python3", 0x7ffdf2132c20) = -1 ENOENT (No such file or directory)
stat("/usr/bin/python3", {st_mode=S_IFREG|0755, st_size=4576440, ...}) = 0
readlink("/usr/bin/python3", "python3.6", 4096) = 9
readlink("/usr/bin/python3.6", 0x7ffdf2129b60, 4096) = -1 EINVAL (Invalid argument)
openat(AT_FDCWD, "/usr/bin/pyvenv.cfg", O_RDONLY) = -1 ENOENT (No such file or directory)
openat(AT_FDCWD, "/usr/pyvenv.cfg", O_RDONLY) = -1 ENOENT (No such file or directory)
stat("/usr/bin/Modules/Setup", 0x7ffdf2132c20) = -1 ENOENT (No such file or directory)
stat("/usr/bin/lib/python3.6/os.py", 0x7ffdf212aaf0) = -1 ENOENT (No such file or directory)
stat("/usr/bin/lib/python3.6/os.pyc", 0x7ffdf212aaf0) = -1 ENOENT (No such file or directory)
stat("/usr/lib/python3.6/os.py", {st_mode=S_IFREG|0644, st_size=37526, ...}) = 0
stat("/usr/bin/pybuilddir.txt", 0x7ffdf2132c20) = -1 ENOENT (No such file or directory)
stat("/usr/bin/lib/python3.6/lib-dynload", 0x7ffdf2132c20) = -1 ENOENT (No such file or directory)
stat("/usr/lib/python3.6/lib-dynload", {st_mode=S_IFDIR|0755, st_size=4096, ...}) = 0
brk(0xef0000)                           = 0xef0000
mmap(NULL, 262144, PROT_READ|PROT_WRITE, MAP_PRIVATE|MAP_ANONYMOUS, -1, 0) = 0x7fe800bb1000
munmap(0x7fe800bb1000, 262144)          = 0
mmap(NULL, 262144, PROT_READ|PROT_WRITE, MAP_PRIVATE|MAP_ANONYMOUS, -1, 0) = 0x7fe800bb1000
sysinfo({uptime=5782, loads=[12384, 9376, 6336], totalram=2295828480, freeram=377446400, sharedram=10199040, bufferram=63295488, totalswap=495411200, freeswap=495411200, procs=429, totalhigh=0, freehigh=0, mem_unit=1}) = 0
brk(0xf11000)                           = 0xf11000
sigaltstack({ss_sp=0xecac80, ss_flags=0, ss_size=8192}, {ss_sp=NULL, ss_flags=SS_DISABLE, ss_size=0}) = 0
stat("/usr/lib/python36.zip", 0x7ffdf213b850) = -1 ENOENT (No such file or directory)
stat("/usr/lib", {st_mode=S_IFDIR|0755, st_size=4096, ...}) = 0
stat("/usr/lib/python36.zip", 0x7ffdf213b0f0) = -1 ENOENT (No such file or directory)
stat("/usr/lib/python3.6", {st_mode=S_IFDIR|0755, st_size=4096, ...}) = 0
stat("/usr/lib/python3.6", {st_mode=S_IFDIR|0755, st_size=4096, ...}) = 0
stat("/usr/lib/python3.6", {st_mode=S_IFDIR|0755, st_size=4096, ...}) = 0
openat(AT_FDCWD, "/usr/lib/python3.6", O_RDONLY|O_NONBLOCK|O_CLOEXEC|O_DIRECTORY) = 3
fstat(3, {st_mode=S_IFDIR|0755, st_size=4096, ...}) = 0
getdents(3, /* 201 entries */, 32768)   = 6688
getdents(3, /* 0 entries */, 32768)     = 0
close(3)                                = 0
stat("/usr/lib/python3.6/encodings/__init__.cpython-36m-x86_64-linux-gnu.so", 0x7ffdf213b430) = -1 ENOENT (No such file or directory)
stat("/usr/lib/python3.6/encodings/__init__.abi3.so", 0x7ffdf213b430) = -1 ENOENT (No such file or directory)
stat("/usr/lib/python3.6/encodings/__init__.so", 0x7ffdf213b430) = -1 ENOENT (No such file or directory)
stat("/usr/lib/python3.6/encodings/__init__.py", {st_mode=S_IFREG|0644, st_size=5642, ...}) = 0
mmap(NULL, 262144, PROT_READ|PROT_WRITE, MAP_PRIVATE|MAP_ANONYMOUS, -1, 0) = 0x7fe800b71000
stat("/usr/lib/python3.6/encodings/__init__.py", {st_mode=S_IFREG|0644, st_size=5642, ...}) = 0
openat(AT_FDCWD, "/usr/lib/python3.6/encodings/__pycache__/__init__.cpython-36.pyc", O_RDONLY|O_CLOEXEC) = 3
fcntl(3, F_GETFD)                       = 0x1 (flags FD_CLOEXEC)
fstat(3, {st_mode=S_IFREG|0644, st_size=3930, ...}) = 0
lseek(3, 0, SEEK_CUR)                   = 0
fstat(3, {st_mode=S_IFREG|0644, st_size=3930, ...}) = 0
read(3, "3\r\r\n6r\300Z\n\26\0\0\343\0\0\0\0\0\0\0\0\0\0\0\0\5\0\0\0@\0\0"..., 3931) = 3930
read(3, "", 1)                          = 0
close(3)                                = 0
stat("/usr/lib/python3.6", {st_mode=S_IFDIR|0755, st_size=4096, ...}) = 0
stat("/usr/lib/python3.6/codecs.py", {st_mode=S_IFREG|0644, st_size=36276, ...}) = 0
stat("/usr/lib/python3.6/codecs.py", {st_mode=S_IFREG|0644, st_size=36276, ...}) = 0
openat(AT_FDCWD, "/usr/lib/python3.6/__pycache__/codecs.cpython-36.pyc", O_RDONLY|O_CLOEXEC) = 3
fstat(3, {st_mode=S_IFREG|0644, st_size=33900, ...}) = 0
lseek(3, 0, SEEK_CUR)                   = 0
fstat(3, {st_mode=S_IFREG|0644, st_size=33900, ...}) = 0
read(3, "3\r\r\n6r\300Z\264\215\0\0\343\0\0\0\0\0\0\0\0\0\0\0\0:\0\0\0@\0\0"..., 33901) = 33900
read(3, "", 1)                          = 0
close(3)                                = 0
stat("/usr/lib/python3.6/encodings", {st_mode=S_IFDIR|0755, st_size=4096, ...}) = 0
stat("/usr/lib/python3.6/encodings", {st_mode=S_IFDIR|0755, st_size=4096, ...}) = 0
stat("/usr/lib/python3.6/encodings", {st_mode=S_IFDIR|0755, st_size=4096, ...}) = 0
openat(AT_FDCWD, "/usr/lib/python3.6/encodings", O_RDONLY|O_NONBLOCK|O_CLOEXEC|O_DIRECTORY) = 3
fstat(3, {st_mode=S_IFDIR|0755, st_size=4096, ...}) = 0
getdents(3, /* 128 entries */, 32768)   = 4336
getdents(3, /* 0 entries */, 32768)     = 0
close(3)                                = 0
stat("/usr/lib/python3.6/encodings/aliases.py", {st_mode=S_IFREG|0644, st_size=15577, ...}) = 0
stat("/usr/lib/python3.6/encodings/aliases.py", {st_mode=S_IFREG|0644, st_size=15577, ...}) = 0
openat(AT_FDCWD, "/usr/lib/python3.6/encodings/__pycache__/aliases.cpython-36.pyc", O_RDONLY|O_CLOEXEC) = 3
fstat(3, {st_mode=S_IFREG|0644, st_size=6274, ...}) = 0
lseek(3, 0, SEEK_CUR)                   = 0
fstat(3, {st_mode=S_IFREG|0644, st_size=6274, ...}) = 0
read(3, "3\r\r\n6r\300Z\331<\0\0\343\0\0\0\0\0\0\0\0\0\0\0\0D\1\0\0@\0\0"..., 6275) = 6274
read(3, "", 1)                          = 0
close(3)                                = 0
stat("/usr/lib/python3.6/encodings", {st_mode=S_IFDIR|0755, st_size=4096, ...}) = 0
stat("/usr/lib/python3.6/encodings/utf_8.py", {st_mode=S_IFREG|0644, st_size=1005, ...}) = 0
stat("/usr/lib/python3.6/encodings/utf_8.py", {st_mode=S_IFREG|0644, st_size=1005, ...}) = 0
openat(AT_FDCWD, "/usr/lib/python3.6/encodings/__pycache__/utf_8.cpython-36.pyc", O_RDONLY|O_CLOEXEC) = 3
fstat(3, {st_mode=S_IFREG|0644, st_size=1592, ...}) = 0
lseek(3, 0, SEEK_CUR)                   = 0
fstat(3, {st_mode=S_IFREG|0644, st_size=1592, ...}) = 0
read(3, "3\r\r\n6r\300Z\355\3\0\0\343\0\0\0\0\0\0\0\0\0\0\0\0\4\0\0\0@\0\0"..., 1593) = 1592
read(3, "", 1)                          = 0
close(3)                                = 0
rt_sigaction(SIGPIPE, {sa_handler=SIG_IGN, sa_mask=[], sa_flags=SA_RESTORER, sa_restorer=0x7fe800857890}, {sa_handler=SIG_DFL, sa_mask=[], sa_flags=0}, 8) = 0
rt_sigaction(SIGXFSZ, {sa_handler=SIG_IGN, sa_mask=[], sa_flags=SA_RESTORER, sa_restorer=0x7fe800857890}, {sa_handler=SIG_DFL, sa_mask=[], sa_flags=0}, 8) = 0
getpid()                                = 10461
rt_sigaction(SIGHUP, NULL, {sa_handler=SIG_DFL, sa_mask=[], sa_flags=0}, 8) = 0
rt_sigaction(SIGINT, NULL, {sa_handler=SIG_DFL, sa_mask=[], sa_flags=0}, 8) = 0
rt_sigaction(SIGQUIT, NULL, {sa_handler=SIG_DFL, sa_mask=[], sa_flags=0}, 8) = 0
rt_sigaction(SIGILL, NULL, {sa_handler=SIG_DFL, sa_mask=[], sa_flags=0}, 8) = 0
rt_sigaction(SIGTRAP, NULL, {sa_handler=SIG_DFL, sa_mask=[], sa_flags=0}, 8) = 0
rt_sigaction(SIGABRT, NULL, {sa_handler=SIG_DFL, sa_mask=[], sa_flags=0}, 8) = 0
rt_sigaction(SIGBUS, NULL, {sa_handler=SIG_DFL, sa_mask=[], sa_flags=0}, 8) = 0
rt_sigaction(SIGFPE, NULL, {sa_handler=SIG_DFL, sa_mask=[], sa_flags=0}, 8) = 0
rt_sigaction(SIGKILL, NULL, {sa_handler=SIG_DFL, sa_mask=[], sa_flags=0}, 8) = 0
rt_sigaction(SIGUSR1, NULL, {sa_handler=SIG_DFL, sa_mask=[], sa_flags=0}, 8) = 0
rt_sigaction(SIGSEGV, NULL, {sa_handler=SIG_DFL, sa_mask=[], sa_flags=0}, 8) = 0
rt_sigaction(SIGUSR2, NULL, {sa_handler=SIG_DFL, sa_mask=[], sa_flags=0}, 8) = 0
rt_sigaction(SIGPIPE, NULL, {sa_handler=SIG_IGN, sa_mask=[], sa_flags=SA_RESTORER, sa_restorer=0x7fe800857890}, 8) = 0
rt_sigaction(SIGALRM, NULL, {sa_handler=SIG_DFL, sa_mask=[], sa_flags=0}, 8) = 0
rt_sigaction(SIGTERM, NULL, {sa_handler=SIG_DFL, sa_mask=[], sa_flags=0}, 8) = 0
rt_sigaction(SIGSTKFLT, NULL, {sa_handler=SIG_DFL, sa_mask=[], sa_flags=0}, 8) = 0
rt_sigaction(SIGCHLD, NULL, {sa_handler=SIG_DFL, sa_mask=[], sa_flags=0}, 8) = 0
rt_sigaction(SIGCONT, NULL, {sa_handler=SIG_DFL, sa_mask=[], sa_flags=0}, 8) = 0
rt_sigaction(SIGSTOP, NULL, {sa_handler=SIG_DFL, sa_mask=[], sa_flags=0}, 8) = 0
rt_sigaction(SIGTSTP, NULL, {sa_handler=SIG_DFL, sa_mask=[], sa_flags=0}, 8) = 0
rt_sigaction(SIGTTIN, NULL, {sa_handler=SIG_DFL, sa_mask=[], sa_flags=0}, 8) = 0
rt_sigaction(SIGTTOU, NULL, {sa_handler=SIG_DFL, sa_mask=[], sa_flags=0}, 8) = 0
rt_sigaction(SIGURG, NULL, {sa_handler=SIG_DFL, sa_mask=[], sa_flags=0}, 8) = 0
rt_sigaction(SIGXCPU, NULL, {sa_handler=SIG_DFL, sa_mask=[], sa_flags=0}, 8) = 0
rt_sigaction(SIGXFSZ, NULL, {sa_handler=SIG_IGN, sa_mask=[], sa_flags=SA_RESTORER, sa_restorer=0x7fe800857890}, 8) = 0
rt_sigaction(SIGVTALRM, NULL, {sa_handler=SIG_DFL, sa_mask=[], sa_flags=0}, 8) = 0
rt_sigaction(SIGPROF, NULL, {sa_handler=SIG_DFL, sa_mask=[], sa_flags=0}, 8) = 0
rt_sigaction(SIGWINCH, NULL, {sa_handler=SIG_DFL, sa_mask=[], sa_flags=0}, 8) = 0
rt_sigaction(SIGIO, NULL, {sa_handler=SIG_DFL, sa_mask=[], sa_flags=0}, 8) = 0
rt_sigaction(SIGPWR, NULL, {sa_handler=SIG_DFL, sa_mask=[], sa_flags=0}, 8) = 0
rt_sigaction(SIGSYS, NULL, {sa_handler=SIG_DFL, sa_mask=[], sa_flags=0}, 8) = 0
rt_sigaction(SIGRT_2, NULL, {sa_handler=SIG_DFL, sa_mask=[], sa_flags=0}, 8) = 0
rt_sigaction(SIGRT_3, NULL, {sa_handler=SIG_DFL, sa_mask=[], sa_flags=0}, 8) = 0
rt_sigaction(SIGRT_4, NULL, {sa_handler=SIG_DFL, sa_mask=[], sa_flags=0}, 8) = 0
rt_sigaction(SIGRT_5, NULL, {sa_handler=SIG_DFL, sa_mask=[], sa_flags=0}, 8) = 0
rt_sigaction(SIGRT_6, NULL, {sa_handler=SIG_DFL, sa_mask=[], sa_flags=0}, 8) = 0
rt_sigaction(SIGRT_7, NULL, {sa_handler=SIG_DFL, sa_mask=[], sa_flags=0}, 8) = 0
rt_sigaction(SIGRT_8, NULL, {sa_handler=SIG_DFL, sa_mask=[], sa_flags=0}, 8) = 0
rt_sigaction(SIGRT_9, NULL, {sa_handler=SIG_DFL, sa_mask=[], sa_flags=0}, 8) = 0
rt_sigaction(SIGRT_10, NULL, {sa_handler=SIG_DFL, sa_mask=[], sa_flags=0}, 8) = 0
rt_sigaction(SIGRT_11, NULL, {sa_handler=SIG_DFL, sa_mask=[], sa_flags=0}, 8) = 0
rt_sigaction(SIGRT_12, NULL, {sa_handler=SIG_DFL, sa_mask=[], sa_flags=0}, 8) = 0
rt_sigaction(SIGRT_13, NULL, {sa_handler=SIG_DFL, sa_mask=[], sa_flags=0}, 8) = 0
rt_sigaction(SIGRT_14, NULL, {sa_handler=SIG_DFL, sa_mask=[], sa_flags=0}, 8) = 0
rt_sigaction(SIGRT_15, NULL, {sa_handler=SIG_DFL, sa_mask=[], sa_flags=0}, 8) = 0
rt_sigaction(SIGRT_16, NULL, {sa_handler=SIG_DFL, sa_mask=[], sa_flags=0}, 8) = 0
rt_sigaction(SIGRT_17, NULL, {sa_handler=SIG_DFL, sa_mask=[], sa_flags=0}, 8) = 0
rt_sigaction(SIGRT_18, NULL, {sa_handler=SIG_DFL, sa_mask=[], sa_flags=0}, 8) = 0
rt_sigaction(SIGRT_19, NULL, {sa_handler=SIG_DFL, sa_mask=[], sa_flags=0}, 8) = 0
rt_sigaction(SIGRT_20, NULL, {sa_handler=SIG_DFL, sa_mask=[], sa_flags=0}, 8) = 0
rt_sigaction(SIGRT_21, NULL, {sa_handler=SIG_DFL, sa_mask=[], sa_flags=0}, 8) = 0
rt_sigaction(SIGRT_22, NULL, {sa_handler=SIG_DFL, sa_mask=[], sa_flags=0}, 8) = 0
rt_sigaction(SIGRT_23, NULL, {sa_handler=SIG_DFL, sa_mask=[], sa_flags=0}, 8) = 0
rt_sigaction(SIGRT_24, NULL, {sa_handler=SIG_DFL, sa_mask=[], sa_flags=0}, 8) = 0
rt_sigaction(SIGRT_25, NULL, {sa_handler=SIG_DFL, sa_mask=[], sa_flags=0}, 8) = 0
rt_sigaction(SIGRT_26, NULL, {sa_handler=SIG_DFL, sa_mask=[], sa_flags=0}, 8) = 0
rt_sigaction(SIGRT_27, NULL, {sa_handler=SIG_DFL, sa_mask=[], sa_flags=0}, 8) = 0
rt_sigaction(SIGRT_28, NULL, {sa_handler=SIG_DFL, sa_mask=[], sa_flags=0}, 8) = 0
rt_sigaction(SIGRT_29, NULL, {sa_handler=SIG_DFL, sa_mask=[], sa_flags=0}, 8) = 0
rt_sigaction(SIGRT_30, NULL, {sa_handler=SIG_DFL, sa_mask=[], sa_flags=0}, 8) = 0
rt_sigaction(SIGRT_31, NULL, {sa_handler=SIG_DFL, sa_mask=[], sa_flags=0}, 8) = 0
rt_sigaction(SIGRT_32, NULL, {sa_handler=SIG_DFL, sa_mask=[], sa_flags=0}, 8) = 0
rt_sigaction(SIGINT, {sa_handler=0x444a20, sa_mask=[], sa_flags=SA_RESTORER, sa_restorer=0x7fe800857890}, {sa_handler=SIG_DFL, sa_mask=[], sa_flags=0}, 8) = 0
stat("/usr/lib/python3.6/encodings", {st_mode=S_IFDIR|0755, st_size=4096, ...}) = 0
stat("/usr/lib/python3.6/encodings/latin_1.py", {st_mode=S_IFREG|0644, st_size=1264, ...}) = 0
stat("/usr/lib/python3.6/encodings/latin_1.py", {st_mode=S_IFREG|0644, st_size=1264, ...}) = 0
openat(AT_FDCWD, "/usr/lib/python3.6/encodings/__pycache__/latin_1.cpython-36.pyc", O_RDONLY|O_CLOEXEC) = 3
fstat(3, {st_mode=S_IFREG|0644, st_size=1874, ...}) = 0
lseek(3, 0, SEEK_CUR)                   = 0
fstat(3, {st_mode=S_IFREG|0644, st_size=1874, ...}) = 0
read(3, "3\r\r\n6r\300Z\360\4\0\0\343\0\0\0\0\0\0\0\0\0\0\0\0\5\0\0\0@\0\0"..., 1875) = 1874
read(3, "", 1)                          = 0
close(3)                                = 0
stat("/usr/lib/python3.6", {st_mode=S_IFDIR|0755, st_size=4096, ...}) = 0
stat("/usr/lib/python3.6/io.py", {st_mode=S_IFREG|0644, st_size=3517, ...}) = 0
stat("/usr/lib/python3.6/io.py", {st_mode=S_IFREG|0644, st_size=3517, ...}) = 0
openat(AT_FDCWD, "/usr/lib/python3.6/__pycache__/io.cpython-36.pyc", O_RDONLY|O_CLOEXEC) = 3
fstat(3, {st_mode=S_IFREG|0644, st_size=3387, ...}) = 0
lseek(3, 0, SEEK_CUR)                   = 0
fstat(3, {st_mode=S_IFREG|0644, st_size=3387, ...}) = 0
read(3, "3\r\r\n6r\300Z\275\r\0\0\343\0\0\0\0\0\0\0\0\0\0\0\0\22\0\0\0@\0\0"..., 3388) = 3387
read(3, "", 1)                          = 0
close(3)                                = 0
stat("/usr/lib/python3.6", {st_mode=S_IFDIR|0755, st_size=4096, ...}) = 0
stat("/usr/lib/python3.6/abc.py", {st_mode=S_IFREG|0644, st_size=8727, ...}) = 0
stat("/usr/lib/python3.6/abc.py", {st_mode=S_IFREG|0644, st_size=8727, ...}) = 0
openat(AT_FDCWD, "/usr/lib/python3.6/__pycache__/abc.cpython-36.pyc", O_RDONLY|O_CLOEXEC) = 3
fstat(3, {st_mode=S_IFREG|0644, st_size=7515, ...}) = 0
lseek(3, 0, SEEK_CUR)                   = 0
fstat(3, {st_mode=S_IFREG|0644, st_size=7515, ...}) = 0
read(3, "3\r\r\n6r\300Z\27\"\0\0\343\0\0\0\0\0\0\0\0\0\0\0\0\5\0\0\0@\0\0"..., 7516) = 7515
read(3, "", 1)                          = 0
close(3)                                = 0
stat("/usr/lib/python3.6", {st_mode=S_IFDIR|0755, st_size=4096, ...}) = 0
stat("/usr/lib/python3.6/_weakrefset.py", {st_mode=S_IFREG|0644, st_size=5705, ...}) = 0
stat("/usr/lib/python3.6/_weakrefset.py", {st_mode=S_IFREG|0644, st_size=5705, ...}) = 0
openat(AT_FDCWD, "/usr/lib/python3.6/__pycache__/_weakrefset.cpython-36.pyc", O_RDONLY|O_CLOEXEC) = 3
fstat(3, {st_mode=S_IFREG|0644, st_size=7828, ...}) = 0
lseek(3, 0, SEEK_CUR)                   = 0
fstat(3, {st_mode=S_IFREG|0644, st_size=7828, ...}) = 0
read(3, "3\r\r\n6r\300ZI\26\0\0\343\0\0\0\0\0\0\0\0\0\0\0\0\3\0\0\0@\0\0"..., 7829) = 7828
read(3, "", 1)                          = 0
close(3)                                = 0
dup(0)                                  = 3
close(3)                                = 0
fstat(0, {st_mode=S_IFCHR|0620, st_rdev=makedev(136, 0), ...}) = 0
ioctl(0, TCGETS, {B38400 opost isig icanon echo ...}) = 0
lseek(0, 0, SEEK_CUR)                   = -1 ESPIPE (Illegal seek)
ioctl(0, TCGETS, {B38400 opost isig icanon echo ...}) = 0
ioctl(0, TCGETS, {B38400 opost isig icanon echo ...}) = 0
lseek(0, 0, SEEK_CUR)                   = -1 ESPIPE (Illegal seek)
dup(1)                                  = 3
close(3)                                = 0
fstat(1, {st_mode=S_IFCHR|0620, st_rdev=makedev(136, 0), ...}) = 0
ioctl(1, TCGETS, {B38400 opost isig icanon echo ...}) = 0
lseek(1, 0, SEEK_CUR)                   = -1 ESPIPE (Illegal seek)
ioctl(1, TCGETS, {B38400 opost isig icanon echo ...}) = 0
ioctl(1, TCGETS, {B38400 opost isig icanon echo ...}) = 0
lseek(1, 0, SEEK_CUR)                   = -1 ESPIPE (Illegal seek)
dup(2)                                  = 3
close(3)                                = 0
fstat(2, {st_mode=S_IFCHR|0620, st_rdev=makedev(136, 0), ...}) = 0
ioctl(2, TCGETS, {B38400 opost isig icanon echo ...}) = 0
lseek(2, 0, SEEK_CUR)                   = -1 ESPIPE (Illegal seek)
ioctl(2, TCGETS, {B38400 opost isig icanon echo ...}) = 0
ioctl(2, TCGETS, {B38400 opost isig icanon echo ...}) = 0
lseek(2, 0, SEEK_CUR)                   = -1 ESPIPE (Illegal seek)
stat("/usr/lib/python3.6", {st_mode=S_IFDIR|0755, st_size=4096, ...}) = 0
stat("/usr/lib/python3.6/site.py", {st_mode=S_IFREG|0644, st_size=21440, ...}) = 0
stat("/usr/lib/python3.6/site.py", {st_mode=S_IFREG|0644, st_size=21440, ...}) = 0
openat(AT_FDCWD, "/usr/lib/python3.6/__pycache__/site.cpython-36.pyc", O_RDONLY|O_CLOEXEC) = 3
fstat(3, {st_mode=S_IFREG|0644, st_size=16298, ...}) = 0
lseek(3, 0, SEEK_CUR)                   = 0
fstat(3, {st_mode=S_IFREG|0644, st_size=16298, ...}) = 0
brk(0xf32000)                           = 0xf32000
read(3, "3\r\r\n6r\300Z\300S\0\0\343\0\0\0\0\0\0\0\0\0\0\0\0\3\0\0\0@\0\0"..., 16299) = 16298
read(3, "", 1)                          = 0
close(3)                                = 0
mmap(NULL, 262144, PROT_READ|PROT_WRITE, MAP_PRIVATE|MAP_ANONYMOUS, -1, 0) = 0x7fe800b31000
stat("/usr/lib/python3.6", {st_mode=S_IFDIR|0755, st_size=4096, ...}) = 0
stat("/usr/lib/python3.6/os.py", {st_mode=S_IFREG|0644, st_size=37526, ...}) = 0
stat("/usr/lib/python3.6/os.py", {st_mode=S_IFREG|0644, st_size=37526, ...}) = 0
openat(AT_FDCWD, "/usr/lib/python3.6/__pycache__/os.cpython-36.pyc", O_RDONLY|O_CLOEXEC) = 3
fstat(3, {st_mode=S_IFREG|0644, st_size=29628, ...}) = 0
lseek(3, 0, SEEK_CUR)                   = 0
fstat(3, {st_mode=S_IFREG|0644, st_size=29628, ...}) = 0
read(3, "3\r\r\n6r\300Z\226\222\0\0\343\0\0\0\0\0\0\0\0\0\0\0\0000\0\0\0@\0\0"..., 29629) = 29628
read(3, "", 1)                          = 0
close(3)                                = 0
stat("/usr/lib/python3.6", {st_mode=S_IFDIR|0755, st_size=4096, ...}) = 0
stat("/usr/lib/python3.6/stat.py", {st_mode=S_IFREG|0644, st_size=5038, ...}) = 0
stat("/usr/lib/python3.6/stat.py", {st_mode=S_IFREG|0644, st_size=5038, ...}) = 0
openat(AT_FDCWD, "/usr/lib/python3.6/__pycache__/stat.cpython-36.pyc", O_RDONLY|O_CLOEXEC) = 3
fstat(3, {st_mode=S_IFREG|0644, st_size=3851, ...}) = 0
lseek(3, 0, SEEK_CUR)                   = 0
fstat(3, {st_mode=S_IFREG|0644, st_size=3851, ...}) = 0
read(3, "3\r\r\n6r\300Z\256\23\0\0\343\0\0\0\0\0\0\0\0\0\0\0\0\r\0\0\0@\0\0"..., 3852) = 3851
read(3, "", 1)                          = 0
close(3)                                = 0
stat("/usr/lib/python3.6", {st_mode=S_IFDIR|0755, st_size=4096, ...}) = 0
stat("/usr/lib/python3.6/posixpath.py", {st_mode=S_IFREG|0644, st_size=15414, ...}) = 0
stat("/usr/lib/python3.6/posixpath.py", {st_mode=S_IFREG|0644, st_size=15414, ...}) = 0
openat(AT_FDCWD, "/usr/lib/python3.6/__pycache__/posixpath.cpython-36.pyc", O_RDONLY|O_CLOEXEC) = 3
fstat(3, {st_mode=S_IFREG|0644, st_size=10389, ...}) = 0
lseek(3, 0, SEEK_CUR)                   = 0
fstat(3, {st_mode=S_IFREG|0644, st_size=10389, ...}) = 0
read(3, "3\r\r\n6r\300Z6<\0\0\343\0\0\0\0\0\0\0\0\0\0\0\0&\0\0\0@\0\0"..., 10390) = 10389
read(3, "", 1)                          = 0
close(3)                                = 0
stat("/usr/lib/python3.6", {st_mode=S_IFDIR|0755, st_size=4096, ...}) = 0
stat("/usr/lib/python3.6/genericpath.py", {st_mode=S_IFREG|0644, st_size=4756, ...}) = 0
stat("/usr/lib/python3.6/genericpath.py", {st_mode=S_IFREG|0644, st_size=4756, ...}) = 0
openat(AT_FDCWD, "/usr/lib/python3.6/__pycache__/genericpath.cpython-36.pyc", O_RDONLY|O_CLOEXEC) = 3
fstat(3, {st_mode=S_IFREG|0644, st_size=3726, ...}) = 0
lseek(3, 0, SEEK_CUR)                   = 0
fstat(3, {st_mode=S_IFREG|0644, st_size=3726, ...}) = 0
read(3, "3\r\r\n6r\300Z\224\22\0\0\343\0\0\0\0\0\0\0\0\0\0\0\0\v\0\0\0@\0\0"..., 3727) = 3726
read(3, "", 1)                          = 0
close(3)                                = 0
stat("/usr/lib/python3.6", {st_mode=S_IFDIR|0755, st_size=4096, ...}) = 0
stat("/usr/lib/python3.6/_collections_abc.py", {st_mode=S_IFREG|0644, st_size=26392, ...}) = 0
stat("/usr/lib/python3.6/_collections_abc.py", {st_mode=S_IFREG|0644, st_size=26392, ...}) = 0
openat(AT_FDCWD, "/usr/lib/python3.6/__pycache__/_collections_abc.cpython-36.pyc", O_RDONLY|O_CLOEXEC) = 3
fstat(3, {st_mode=S_IFREG|0644, st_size=28797, ...}) = 0
lseek(3, 0, SEEK_CUR)                   = 0
fstat(3, {st_mode=S_IFREG|0644, st_size=28797, ...}) = 0
read(3, "3\r\r\n6r\300Z\30g\0\0\343\0\0\0\0\0\0\0\0\0\0\0\0\31\0\0\0@\0\0"..., 28798) = 28797
read(3, "", 1)                          = 0
close(3)                                = 0
mmap(NULL, 151552, PROT_READ|PROT_WRITE, MAP_PRIVATE|MAP_ANONYMOUS, -1, 0) = 0x7fe800b0c000
mmap(NULL, 262144, PROT_READ|PROT_WRITE, MAP_PRIVATE|MAP_ANONYMOUS, -1, 0) = 0x7fe800acc000
stat("/usr/lib/python3.6", {st_mode=S_IFDIR|0755, st_size=4096, ...}) = 0
stat("/usr/lib/python3.6/_sitebuiltins.py", {st_mode=S_IFREG|0644, st_size=3115, ...}) = 0
stat("/usr/lib/python3.6/_sitebuiltins.py", {st_mode=S_IFREG|0644, st_size=3115, ...}) = 0
openat(AT_FDCWD, "/usr/lib/python3.6/__pycache__/_sitebuiltins.cpython-36.pyc", O_RDONLY|O_CLOEXEC) = 3
fstat(3, {st_mode=S_IFREG|0644, st_size=3435, ...}) = 0
lseek(3, 0, SEEK_CUR)                   = 0
fstat(3, {st_mode=S_IFREG|0644, st_size=3435, ...}) = 0
read(3, "3\r\r\n6r\300Z+\f\0\0\343\0\0\0\0\0\0\0\0\0\0\0\0\4\0\0\0@\0\0"..., 3436) = 3435
read(3, "", 1)                          = 0
close(3)                                = 0
stat("/usr/bin/pyvenv.cfg", 0x7ffdf213b3f0) = -1 ENOENT (No such file or directory)
stat("/usr/pyvenv.cfg", 0x7ffdf213b3f0) = -1 ENOENT (No such file or directory)
geteuid()                               = 0
getuid()                                = 0
getegid()                               = 0
getgid()                                = 0
stat("/usr/lib/python3.6", {st_mode=S_IFDIR|0755, st_size=4096, ...}) = 0
stat("/usr/lib/python3.6/sysconfig.py", {st_mode=S_IFREG|0644, st_size=25057, ...}) = 0
stat("/usr/lib/python3.6/sysconfig.py", {st_mode=S_IFREG|0644, st_size=25057, ...}) = 0
openat(AT_FDCWD, "/usr/lib/python3.6/__pycache__/sysconfig.cpython-36.pyc", O_RDONLY|O_CLOEXEC) = 3
fstat(3, {st_mode=S_IFREG|0644, st_size=15916, ...}) = 0
lseek(3, 0, SEEK_CUR)                   = 0
fstat(3, {st_mode=S_IFREG|0644, st_size=15916, ...}) = 0
read(3, "3\r\r\n6r\300Z\341a\0\0\343\0\0\0\0\0\0\0\0\0\0\0\0\r\0\0\0@\0\0"..., 15917) = 15916
read(3, "", 1)                          = 0
close(3)                                = 0
lstat("/usr", {st_mode=S_IFDIR|0755, st_size=4096, ...}) = 0
lstat("/usr/bin", {st_mode=S_IFDIR|0755, st_size=49152, ...}) = 0
lstat("/usr/bin/python3", {st_mode=S_IFLNK|0777, st_size=9, ...}) = 0
readlink("/usr/bin/python3", "python3.6", 4096) = 9
lstat("/usr/bin/python3.6", {st_mode=S_IFREG|0755, st_size=4576440, ...}) = 0
stat("/usr/bin/Modules/Setup.dist", 0x7ffdf213a0e0) = -1 ENOENT (No such file or directory)
stat("/usr/bin/Modules/Setup.local", 0x7ffdf213a0e0) = -1 ENOENT (No such file or directory)
stat("/usr/lib/python3.6", {st_mode=S_IFDIR|0755, st_size=4096, ...}) = 0
stat("/usr/lib/python3.6/_sysconfigdata_m_linux_x86_64-linux-gnu.py", {st_mode=S_IFREG|0644, st_size=22869, ...}) = 0
stat("/usr/lib/python3.6/_sysconfigdata_m_linux_x86_64-linux-gnu.py", {st_mode=S_IFREG|0644, st_size=22869, ...}) = 0
openat(AT_FDCWD, "/usr/lib/python3.6/__pycache__/_sysconfigdata_m_linux_x86_64-linux-gnu.cpython-36.pyc", O_RDONLY|O_CLOEXEC) = 3
fstat(3, {st_mode=S_IFREG|0644, st_size=19204, ...}) = 0
lseek(3, 0, SEEK_CUR)                   = 0
fstat(3, {st_mode=S_IFREG|0644, st_size=19204, ...}) = 0
read(3, "3\r\r\n6r\300ZUY\0\0\343\0\0\0\0\0\0\0\0\0\0\0\0\204\2\0\0@\0\0"..., 19205) = 19204
read(3, "", 1)                          = 0
close(3)                                = 0
brk(0xf54000)                           = 0xf54000
brk(0xf4f000)                           = 0xf4f000
lstat("/usr", {st_mode=S_IFDIR|0755, st_size=4096, ...}) = 0
lstat("/usr/lib", {st_mode=S_IFDIR|0755, st_size=4096, ...}) = 0
lstat("/usr/lib/python3.6", {st_mode=S_IFDIR|0755, st_size=4096, ...}) = 0
lstat("/usr/lib/python3.6/config-3.6m-x86_64-linux-gnu", {st_mode=S_IFDIR|0755, st_size=4096, ...}) = 0
stat("/home/ch/.local/lib/python3.6/site-packages", 0x7ffdf213b690) = -1 ENOENT (No such file or directory)
stat("/usr/local/lib/python3.6/dist-packages", {st_mode=S_IFDIR|S_ISGID|0775, st_size=4096, ...}) = 0
openat(AT_FDCWD, "/usr/local/lib/python3.6/dist-packages", O_RDONLY|O_NONBLOCK|O_CLOEXEC|O_DIRECTORY) = 3
fstat(3, {st_mode=S_IFDIR|S_ISGID|0775, st_size=4096, ...}) = 0
getdents(3, /* 2 entries */, 32768)     = 48
getdents(3, /* 0 entries */, 32768)     = 0
close(3)                                = 0
stat("/usr/lib/python3/dist-packages", {st_mode=S_IFDIR|0755, st_size=12288, ...}) = 0
openat(AT_FDCWD, "/usr/lib/python3/dist-packages", O_RDONLY|O_NONBLOCK|O_CLOEXEC|O_DIRECTORY) = 3
fstat(3, {st_mode=S_IFDIR|0755, st_size=12288, ...}) = 0
getdents(3, /* 153 entries */, 32768)   = 6224
getdents(3, /* 0 entries */, 32768)     = 0
close(3)                                = 0
openat(AT_FDCWD, "/usr/lib/python3/dist-packages/zope.interface-4.3.2-nspkg.pth", O_RDONLY|O_CLOEXEC) = 3
fstat(3, {st_mode=S_IFREG|0644, st_size=529, ...}) = 0
ioctl(3, TCGETS, 0x7ffdf213b080)        = -1 ENOTTY (Inappropriate ioctl for device)
lseek(3, 0, SEEK_CUR)                   = 0
ioctl(3, TCGETS, 0x7ffdf213b030)        = -1 ENOTTY (Inappropriate ioctl for device)
stat("/usr/lib/python3.6", {st_mode=S_IFDIR|0755, st_size=4096, ...}) = 0
stat("/usr/lib/python3.6/_bootlocale.py", {st_mode=S_IFREG|0644, st_size=1301, ...}) = 0
stat("/usr/lib/python3.6/_bootlocale.py", {st_mode=S_IFREG|0644, st_size=1301, ...}) = 0
openat(AT_FDCWD, "/usr/lib/python3.6/__pycache__/_bootlocale.cpython-36.pyc", O_RDONLY|O_CLOEXEC) = 4
fstat(4, {st_mode=S_IFREG|0644, st_size=980, ...}) = 0
lseek(4, 0, SEEK_CUR)                   = 0
fstat(4, {st_mode=S_IFREG|0644, st_size=980, ...}) = 0
read(4, "3\r\r\n6r\300Z\25\5\0\0\343\0\0\0\0\0\0\0\0\0\0\0\0\v\0\0\0@\0\0"..., 981) = 980
read(4, "", 1)                          = 0
close(4)                                = 0
lseek(3, 0, SEEK_CUR)                   = 0
read(3, "import sys, types, os;has_mfs = "..., 8192) = 529
mmap(NULL, 262144, PROT_READ|PROT_WRITE, MAP_PRIVATE|MAP_ANONYMOUS, -1, 0) = 0x7fe800a8c000
munmap(0x7fe800a8c000, 262144)          = 0
stat("/usr/lib/python3.6", {st_mode=S_IFDIR|0755, st_size=4096, ...}) = 0
stat("/usr/lib/python3.6/types.py", {st_mode=S_IFREG|0644, st_size=8870, ...}) = 0
stat("/usr/lib/python3.6/types.py", {st_mode=S_IFREG|0644, st_size=8870, ...}) = 0
openat(AT_FDCWD, "/usr/lib/python3.6/__pycache__/types.cpython-36.pyc", O_RDONLY|O_CLOEXEC) = 4
fstat(4, {st_mode=S_IFREG|0644, st_size=8201, ...}) = 0
lseek(4, 0, SEEK_CUR)                   = 0
fstat(4, {st_mode=S_IFREG|0644, st_size=8201, ...}) = 0
read(4, "3\r\r\n6r\300Z\246\"\0\0\343\0\0\0\0\0\0\0\0\0\0\0\0\v\0\0\0@\0\0"..., 8202) = 8201
read(4, "", 1)                          = 0
close(4)                                = 0
stat("/usr/lib/python3.6", {st_mode=S_IFDIR|0755, st_size=4096, ...}) = 0
stat("/usr/lib/python3.6/functools.py", {st_mode=S_IFREG|0644, st_size=31142, ...}) = 0
stat("/usr/lib/python3.6/functools.py", {st_mode=S_IFREG|0644, st_size=31142, ...}) = 0
openat(AT_FDCWD, "/usr/lib/python3.6/__pycache__/functools.cpython-36.pyc", O_RDONLY|O_CLOEXEC) = 4
fstat(4, {st_mode=S_IFREG|0644, st_size=23927, ...}) = 0
lseek(4, 0, SEEK_CUR)                   = 0
fstat(4, {st_mode=S_IFREG|0644, st_size=23927, ...}) = 0
read(4, "3\r\r\n6r\300Z\246y\0\0\343\0\0\0\0\0\0\0\0\0\0\0\0+\0\0\0@\0\0"..., 23928) = 23927
read(4, "", 1)                          = 0
close(4)                                = 0
mmap(NULL, 262144, PROT_READ|PROT_WRITE, MAP_PRIVATE|MAP_ANONYMOUS, -1, 0) = 0x7fe800a8c000
stat("/usr/lib/python3.6", {st_mode=S_IFDIR|0755, st_size=4096, ...}) = 0
stat("/usr/lib/python3.6/collections/__init__.cpython-36m-x86_64-linux-gnu.so", 0x7ffdf2137de0) = -1 ENOENT (No such file or directory)
stat("/usr/lib/python3.6/collections/__init__.abi3.so", 0x7ffdf2137de0) = -1 ENOENT (No such file or directory)
stat("/usr/lib/python3.6/collections/__init__.so", 0x7ffdf2137de0) = -1 ENOENT (No such file or directory)
stat("/usr/lib/python3.6/collections/__init__.py", {st_mode=S_IFREG|0644, st_size=45812, ...}) = 0
stat("/usr/lib/python3.6/collections/__init__.py", {st_mode=S_IFREG|0644, st_size=45812, ...}) = 0
openat(AT_FDCWD, "/usr/lib/python3.6/collections/__pycache__/__init__.cpython-36.pyc", O_RDONLY|O_CLOEXEC) = 4
fstat(4, {st_mode=S_IFREG|0644, st_size=45816, ...}) = 0
lseek(4, 0, SEEK_CUR)                   = 0
fstat(4, {st_mode=S_IFREG|0644, st_size=45816, ...}) = 0
brk(0xf73000)                           = 0xf73000
read(4, "3\r\r\n6r\300Z\364\262\0\0\343\0\0\0\0\0\0\0\0\0\0\0\0$\0\0\0@\0\0"..., 45817) = 45816
read(4, "", 1)                          = 0
close(4)                                = 0
brk(0xf68000)                           = 0xf68000
stat("/usr/lib/python3.6", {st_mode=S_IFDIR|0755, st_size=4096, ...}) = 0
stat("/usr/lib/python3.6/operator.py", {st_mode=S_IFREG|0644, st_size=10863, ...}) = 0
stat("/usr/lib/python3.6/operator.py", {st_mode=S_IFREG|0644, st_size=10863, ...}) = 0
openat(AT_FDCWD, "/usr/lib/python3.6/__pycache__/operator.cpython-36.pyc", O_RDONLY|O_CLOEXEC) = 4
fstat(4, {st_mode=S_IFREG|0644, st_size=13913, ...}) = 0
lseek(4, 0, SEEK_CUR)                   = 0
fstat(4, {st_mode=S_IFREG|0644, st_size=13913, ...}) = 0
read(4, "3\r\r\n6r\300Zo*\0\0\343\0\0\0\0\0\0\0\0\0\0\0\0006\0\0\0@\0\0"..., 13914) = 13913
read(4, "", 1)                          = 0
close(4)                                = 0
stat("/usr/lib/python3.6", {st_mode=S_IFDIR|0755, st_size=4096, ...}) = 0
stat("/usr/lib/python3.6/keyword.py", {st_mode=S_IFREG|0755, st_size=2209, ...}) = 0
stat("/usr/lib/python3.6/keyword.py", {st_mode=S_IFREG|0755, st_size=2209, ...}) = 0
openat(AT_FDCWD, "/usr/lib/python3.6/__pycache__/keyword.cpython-36.pyc", O_RDONLY|O_CLOEXEC) = 4
fstat(4, {st_mode=S_IFREG|0644, st_size=1765, ...}) = 0
lseek(4, 0, SEEK_CUR)                   = 0
fstat(4, {st_mode=S_IFREG|0644, st_size=1765, ...}) = 0
read(4, "3\r\r\n6r\300Z\241\10\0\0\343\0\0\0\0\0\0\0\0\0\0\0\0!\0\0\0@\0\0"..., 1766) = 1765
read(4, "", 1)                          = 0
close(4)                                = 0
stat("/usr/lib/python3.6", {st_mode=S_IFDIR|0755, st_size=4096, ...}) = 0
stat("/usr/lib/python3.6/heapq.py", {st_mode=S_IFREG|0644, st_size=22929, ...}) = 0
stat("/usr/lib/python3.6/heapq.py", {st_mode=S_IFREG|0644, st_size=22929, ...}) = 0
openat(AT_FDCWD, "/usr/lib/python3.6/__pycache__/heapq.cpython-36.pyc", O_RDONLY|O_CLOEXEC) = 4
fstat(4, {st_mode=S_IFREG|0644, st_size=14292, ...}) = 0
lseek(4, 0, SEEK_CUR)                   = 0
fstat(4, {st_mode=S_IFREG|0644, st_size=14292, ...}) = 0
read(4, "3\r\r\n6r\300Z\221Y\0\0\343\0\0\0\0\0\0\0\0\0\0\0\0#\0\0\0@\0\0"..., 14293) = 14292
read(4, "", 1)                          = 0
close(4)                                = 0
mmap(NULL, 262144, PROT_READ|PROT_WRITE, MAP_PRIVATE|MAP_ANONYMOUS, -1, 0) = 0x7fe7fed51000
munmap(0x7fe7fed51000, 262144)          = 0
mmap(NULL, 262144, PROT_READ|PROT_WRITE, MAP_PRIVATE|MAP_ANONYMOUS, -1, 0) = 0x7fe7fed51000
munmap(0x7fe7fed51000, 262144)          = 0
mmap(NULL, 262144, PROT_READ|PROT_WRITE, MAP_PRIVATE|MAP_ANONYMOUS, -1, 0) = 0x7fe7fed51000
stat("/usr/lib/python3.6", {st_mode=S_IFDIR|0755, st_size=4096, ...}) = 0
stat("/usr/lib/python3.6/reprlib.py", {st_mode=S_IFREG|0644, st_size=5336, ...}) = 0
stat("/usr/lib/python3.6/reprlib.py", {st_mode=S_IFREG|0644, st_size=5336, ...}) = 0
openat(AT_FDCWD, "/usr/lib/python3.6/__pycache__/reprlib.cpython-36.pyc", O_RDONLY|O_CLOEXEC) = 4
fstat(4, {st_mode=S_IFREG|0644, st_size=5400, ...}) = 0
lseek(4, 0, SEEK_CUR)                   = 0
fstat(4, {st_mode=S_IFREG|0644, st_size=5400, ...}) = 0
read(4, "3\r\r\n6r\300Z\330\24\0\0\343\0\0\0\0\0\0\0\0\0\0\0\0\v\0\0\0@\0\0"..., 5401) = 5400
read(4, "", 1)                          = 0
close(4)                                = 0
stat("/usr/lib/python3.6", {st_mode=S_IFDIR|0755, st_size=4096, ...}) = 0
stat("/usr/lib/python3.6/weakref.py", {st_mode=S_IFREG|0644, st_size=20466, ...}) = 0
stat("/usr/lib/python3.6/weakref.py", {st_mode=S_IFREG|0644, st_size=20466, ...}) = 0
openat(AT_FDCWD, "/usr/lib/python3.6/__pycache__/weakref.cpython-36.pyc", O_RDONLY|O_CLOEXEC) = 4
fstat(4, {st_mode=S_IFREG|0644, st_size=19143, ...}) = 0
lseek(4, 0, SEEK_CUR)                   = 0
fstat(4, {st_mode=S_IFREG|0644, st_size=19143, ...}) = 0
read(4, "3\r\r\n6r\300Z\362O\0\0\343\0\0\0\0\0\0\0\0\0\0\0\0\r\0\0\0@\0\0"..., 19144) = 19143
read(4, "", 1)                          = 0
close(4)                                = 0
stat("/usr/lib/python3.6/collections", {st_mode=S_IFDIR|0755, st_size=4096, ...}) = 0
stat("/usr/lib/python3.6/collections", {st_mode=S_IFDIR|0755, st_size=4096, ...}) = 0
stat("/usr/lib/python3.6/collections", {st_mode=S_IFDIR|0755, st_size=4096, ...}) = 0
openat(AT_FDCWD, "/usr/lib/python3.6/collections", O_RDONLY|O_NONBLOCK|O_CLOEXEC|O_DIRECTORY) = 4
fstat(4, {st_mode=S_IFDIR|0755, st_size=4096, ...}) = 0
getdents(4, /* 5 entries */, 32768)     = 144
getdents(4, /* 0 entries */, 32768)     = 0
close(4)                                = 0
stat("/usr/lib/python3.6/collections/abc.py", {st_mode=S_IFREG|0644, st_size=68, ...}) = 0
stat("/usr/lib/python3.6/collections/abc.py", {st_mode=S_IFREG|0644, st_size=68, ...}) = 0
openat(AT_FDCWD, "/usr/lib/python3.6/collections/__pycache__/abc.cpython-36.pyc", O_RDONLY|O_CLOEXEC) = 4
fstat(4, {st_mode=S_IFREG|0644, st_size=183, ...}) = 0
lseek(4, 0, SEEK_CUR)                   = 0
fstat(4, {st_mode=S_IFREG|0644, st_size=183, ...}) = 0
read(4, "3\r\r\n6r\300ZD\0\0\0\343\0\0\0\0\0\0\0\0\0\0\0\0\2\0\0\0@\0\0"..., 184) = 183
read(4, "", 1)                          = 0
close(4)                                = 0
stat("/usr/lib/python3.6", {st_mode=S_IFDIR|0755, st_size=4096, ...}) = 0
stat("/usr/lib/python3.6/importlib/__init__.cpython-36m-x86_64-linux-gnu.so", 0x7ffdf21390e0) = -1 ENOENT (No such file or directory)
stat("/usr/lib/python3.6/importlib/__init__.abi3.so", 0x7ffdf21390e0) = -1 ENOENT (No such file or directory)
stat("/usr/lib/python3.6/importlib/__init__.so", 0x7ffdf21390e0) = -1 ENOENT (No such file or directory)
stat("/usr/lib/python3.6/importlib/__init__.py", {st_mode=S_IFREG|0644, st_size=5870, ...}) = 0
stat("/usr/lib/python3.6/importlib/__init__.py", {st_mode=S_IFREG|0644, st_size=5870, ...}) = 0
openat(AT_FDCWD, "/usr/lib/python3.6/importlib/__pycache__/__init__.cpython-36.pyc", O_RDONLY|O_CLOEXEC) = 4
fstat(4, {st_mode=S_IFREG|0644, st_size=3600, ...}) = 0
lseek(4, 0, SEEK_CUR)                   = 0
fstat(4, {st_mode=S_IFREG|0644, st_size=3600, ...}) = 0
read(4, "3\r\r\n6r\300Z\356\26\0\0\343\0\0\0\0\0\0\0\0\0\0\0\0#\0\0\0@\0\0"..., 3601) = 3600
read(4, "", 1)                          = 0
close(4)                                = 0
stat("/usr/lib/python3.6", {st_mode=S_IFDIR|0755, st_size=4096, ...}) = 0
stat("/usr/lib/python3.6/warnings.py", {st_mode=S_IFREG|0644, st_size=18488, ...}) = 0
stat("/usr/lib/python3.6/warnings.py", {st_mode=S_IFREG|0644, st_size=18488, ...}) = 0
openat(AT_FDCWD, "/usr/lib/python3.6/__pycache__/warnings.cpython-36.pyc", O_RDONLY|O_CLOEXEC) = 4
fstat(4, {st_mode=S_IFREG|0644, st_size=13258, ...}) = 0
lseek(4, 0, SEEK_CUR)                   = 0
fstat(4, {st_mode=S_IFREG|0644, st_size=13258, ...}) = 0
read(4, "3\r\r\n6r\300Z8H\0\0\343\0\0\0\0\0\0\0\0\0\0\0\0\r\0\0\0@\0\0"..., 13259) = 13258
read(4, "", 1)                          = 0
close(4)                                = 0
stat("/usr/lib/python3.6/importlib", {st_mode=S_IFDIR|0755, st_size=4096, ...}) = 0
stat("/usr/lib/python3.6/importlib", {st_mode=S_IFDIR|0755, st_size=4096, ...}) = 0
stat("/usr/lib/python3.6/importlib", {st_mode=S_IFDIR|0755, st_size=4096, ...}) = 0
openat(AT_FDCWD, "/usr/lib/python3.6/importlib", O_RDONLY|O_NONBLOCK|O_CLOEXEC|O_DIRECTORY) = 4
fstat(4, {st_mode=S_IFDIR|0755, st_size=4096, ...}) = 0
getdents(4, /* 9 entries */, 32768)     = 296
getdents(4, /* 0 entries */, 32768)     = 0
close(4)                                = 0
stat("/usr/lib/python3.6/importlib/util.py", {st_mode=S_IFREG|0644, st_size=10883, ...}) = 0
stat("/usr/lib/python3.6/importlib/util.py", {st_mode=S_IFREG|0644, st_size=10883, ...}) = 0
openat(AT_FDCWD, "/usr/lib/python3.6/importlib/__pycache__/util.cpython-36.pyc", O_RDONLY|O_CLOEXEC) = 4
fstat(4, {st_mode=S_IFREG|0644, st_size=8900, ...}) = 0
lseek(4, 0, SEEK_CUR)                   = 0
fstat(4, {st_mode=S_IFREG|0644, st_size=8900, ...}) = 0
read(4, "3\r\r\n6r\300Z\203*\0\0\343\0\0\0\0\0\0\0\0\0\0\0\0\4\0\0\0@\0\0"..., 8901) = 8900
read(4, "", 1)                          = 0
close(4)                                = 0
stat("/usr/lib/python3.6/importlib", {st_mode=S_IFDIR|0755, st_size=4096, ...}) = 0
stat("/usr/lib/python3.6/importlib/abc.py", {st_mode=S_IFREG|0644, st_size=10782, ...}) = 0
stat("/usr/lib/python3.6/importlib/abc.py", {st_mode=S_IFREG|0644, st_size=10782, ...}) = 0
openat(AT_FDCWD, "/usr/lib/python3.6/importlib/__pycache__/abc.cpython-36.pyc", O_RDONLY|O_CLOEXEC) = 4
fstat(4, {st_mode=S_IFREG|0644, st_size=11293, ...}) = 0
lseek(4, 0, SEEK_CUR)                   = 0
fstat(4, {st_mode=S_IFREG|0644, st_size=11293, ...}) = 0
read(4, "3\r\r\n6r\300Z\36*\0\0\343\0\0\0\0\0\0\0\0\0\0\0\0\"\0\0\0@\0\0"..., 11294) = 11293
read(4, "", 1)                          = 0
close(4)                                = 0
stat("/usr/lib/python3.6/importlib", {st_mode=S_IFDIR|0755, st_size=4096, ...}) = 0
stat("/usr/lib/python3.6/importlib/machinery.py", {st_mode=S_IFREG|0644, st_size=844, ...}) = 0
stat("/usr/lib/python3.6/importlib/machinery.py", {st_mode=S_IFREG|0644, st_size=844, ...}) = 0
openat(AT_FDCWD, "/usr/lib/python3.6/importlib/__pycache__/machinery.cpython-36.pyc", O_RDONLY|O_CLOEXEC) = 4
fstat(4, {st_mode=S_IFREG|0644, st_size=950, ...}) = 0
lseek(4, 0, SEEK_CUR)                   = 0
fstat(4, {st_mode=S_IFREG|0644, st_size=950, ...}) = 0
read(4, "3\r\r\n6r\300ZL\3\0\0\343\0\0\0\0\0\0\0\0\0\0\0\0\2\0\0\0@\0\0"..., 951) = 950
read(4, "", 1)                          = 0
close(4)                                = 0
stat("/usr/lib/python3.6", {st_mode=S_IFDIR|0755, st_size=4096, ...}) = 0
stat("/usr/lib/python3.6/contextlib.py", {st_mode=S_IFREG|0644, st_size=13162, ...}) = 0
stat("/usr/lib/python3.6/contextlib.py", {st_mode=S_IFREG|0644, st_size=13162, ...}) = 0
openat(AT_FDCWD, "/usr/lib/python3.6/__pycache__/contextlib.cpython-36.pyc", O_RDONLY|O_CLOEXEC) = 4
fstat(4, {st_mode=S_IFREG|0644, st_size=11158, ...}) = 0
lseek(4, 0, SEEK_CUR)                   = 0
fstat(4, {st_mode=S_IFREG|0644, st_size=11158, ...}) = 0
read(4, "3\r\r\n6r\300Zj3\0\0\343\0\0\0\0\0\0\0\0\0\0\0\0\10\0\0\0@\0\0"..., 11159) = 11158
read(4, "", 1)                          = 0
close(4)                                = 0
mmap(NULL, 262144, PROT_READ|PROT_WRITE, MAP_PRIVATE|MAP_ANONYMOUS, -1, 0) = 0x7fe7fed11000
stat("/usr/lib/python3/dist-packages", {st_mode=S_IFDIR|0755, st_size=12288, ...}) = 0
stat("/usr/lib/python3/dist-packages", {st_mode=S_IFDIR|0755, st_size=12288, ...}) = 0
stat("/usr/lib/python3/dist-packages", {st_mode=S_IFDIR|0755, st_size=12288, ...}) = 0
openat(AT_FDCWD, "/usr/lib/python3/dist-packages", O_RDONLY|O_NONBLOCK|O_CLOEXEC|O_DIRECTORY) = 4
fstat(4, {st_mode=S_IFDIR|0755, st_size=12288, ...}) = 0
brk(0xf8f000)                           = 0xf8f000
getdents(4, /* 153 entries */, 32768)   = 6224
getdents(4, /* 0 entries */, 32768)     = 0
brk(0xf87000)                           = 0xf87000
close(4)                                = 0
stat("/usr/lib/python3/dist-packages/zope/__init__.cpython-36m-x86_64-linux-gnu.so", 0x7ffdf213a230) = -1 ENOENT (No such file or directory)
stat("/usr/lib/python3/dist-packages/zope/__init__.abi3.so", 0x7ffdf213a230) = -1 ENOENT (No such file or directory)
stat("/usr/lib/python3/dist-packages/zope/__init__.so", 0x7ffdf213a230) = -1 ENOENT (No such file or directory)
stat("/usr/lib/python3/dist-packages/zope/__init__.py", {st_mode=S_IFREG|0644, st_size=200, ...}) = 0
read(3, "", 8192)                       = 0
close(3)                                = 0
stat("/usr/lib/python3.6/dist-packages", 0x7ffdf213b590) = -1 ENOENT (No such file or directory)
stat("/usr/lib/python3.6", {st_mode=S_IFDIR|0755, st_size=4096, ...}) = 0
stat("/usr/lib/python3.6/sitecustomize.py", {st_mode=S_IFREG|0644, st_size=155, ...}) = 0
stat("/usr/lib/python3.6/sitecustomize.py", {st_mode=S_IFREG|0644, st_size=155, ...}) = 0
openat(AT_FDCWD, "/usr/lib/python3.6/__pycache__/sitecustomize.cpython-36.pyc", O_RDONLY|O_CLOEXEC) = 3
fstat(3, {st_mode=S_IFREG|0644, st_size=212, ...}) = 0
lseek(3, 0, SEEK_CUR)                   = 0
fstat(3, {st_mode=S_IFREG|0644, st_size=212, ...}) = 0
read(3, "3\r\r\n6r\300Z\233\0\0\0\343\0\0\0\0\0\0\0\0\0\0\0\0\v\0\0\0@\0\0"..., 213) = 212
read(3, "", 1)                          = 0
close(3)                                = 0
stat("/usr/lib/python3.6", {st_mode=S_IFDIR|0755, st_size=4096, ...}) = 0
stat("/usr/lib/python3.6/lib-dynload", {st_mode=S_IFDIR|0755, st_size=4096, ...}) = 0
stat("/usr/lib/python3.6/lib-dynload", {st_mode=S_IFDIR|0755, st_size=4096, ...}) = 0
stat("/usr/lib/python3.6/lib-dynload", {st_mode=S_IFDIR|0755, st_size=4096, ...}) = 0
openat(AT_FDCWD, "/usr/lib/python3.6/lib-dynload", O_RDONLY|O_NONBLOCK|O_CLOEXEC|O_DIRECTORY) = 3
fstat(3, {st_mode=S_IFDIR|0755, st_size=4096, ...}) = 0
getdents(3, /* 42 entries */, 32768)    = 2608
getdents(3, /* 0 entries */, 32768)     = 0
close(3)                                = 0
stat("/usr/local/lib/python3.6/dist-packages", {st_mode=S_IFDIR|S_ISGID|0775, st_size=4096, ...}) = 0
stat("/usr/local/lib/python3.6/dist-packages", {st_mode=S_IFDIR|S_ISGID|0775, st_size=4096, ...}) = 0
stat("/usr/local/lib/python3.6/dist-packages", {st_mode=S_IFDIR|S_ISGID|0775, st_size=4096, ...}) = 0
openat(AT_FDCWD, "/usr/local/lib/python3.6/dist-packages", O_RDONLY|O_NONBLOCK|O_CLOEXEC|O_DIRECTORY) = 3
fstat(3, {st_mode=S_IFDIR|S_ISGID|0775, st_size=4096, ...}) = 0
getdents(3, /* 2 entries */, 32768)     = 48
getdents(3, /* 0 entries */, 32768)     = 0
close(3)                                = 0
stat("/usr/lib/python3/dist-packages", {st_mode=S_IFDIR|0755, st_size=12288, ...}) = 0
stat("/usr/lib/python3/dist-packages/apport_python_hook.py", {st_mode=S_IFREG|0644, st_size=7798, ...}) = 0
stat("/usr/lib/python3/dist-packages/apport_python_hook.py", {st_mode=S_IFREG|0644, st_size=7798, ...}) = 0
openat(AT_FDCWD, "/usr/lib/python3/dist-packages/__pycache__/apport_python_hook.cpython-36.pyc", O_RDONLY|O_CLOEXEC) = 3
fstat(3, {st_mode=S_IFREG|0644, st_size=4151, ...}) = 0
lseek(3, 0, SEEK_CUR)                   = 0
fstat(3, {st_mode=S_IFREG|0644, st_size=4151, ...}) = 0
read(3, "3\r\r\n@\5\23Zv\36\0\0\343\0\0\0\0\0\0\0\0\0\0\0\0\2\0\0\0@\0\0"..., 4152) = 4151
read(3, "", 1)                          = 0
close(3)                                = 0
stat("/usr/lib/python3.6", {st_mode=S_IFDIR|0755, st_size=4096, ...}) = 0
stat("/usr/lib/python3.6/lib-dynload", {st_mode=S_IFDIR|0755, st_size=4096, ...}) = 0
stat("/usr/local/lib/python3.6/dist-packages", {st_mode=S_IFDIR|S_ISGID|0775, st_size=4096, ...}) = 0
stat("/usr/lib/python3/dist-packages", {st_mode=S_IFDIR|0755, st_size=12288, ...}) = 0
stat("./hello.py", {st_mode=S_IFREG|0644, st_size=21, ...}) = 0
openat(AT_FDCWD, "./hello.py", O_RDONLY) = 3
ioctl(3, FIOCLEX)                       = 0
fstat(3, {st_mode=S_IFREG|0644, st_size=21, ...}) = 0
fstat(3, {st_mode=S_IFREG|0644, st_size=21, ...}) = 0
lseek(3, -4096, SEEK_SET)               = -1 EINVAL (Invalid argument)
close(3)                                = 0
stat("./hello.py", {st_mode=S_IFREG|0644, st_size=21, ...}) = 0
readlink("./hello.py", 0x7ffdf212bd10, 4096) = -1 EINVAL (Invalid argument)
getcwd("/home/ch/Documents/LINUX_BASIS/ch2.UserModeFeatures", 4096) = 52
lstat("/home/ch/Documents/LINUX_BASIS/ch2.UserModeFeatures/hello.py", {st_mode=S_IFREG|0644, st_size=21, ...}) = 0
openat(AT_FDCWD, "./hello.py", O_RDONLY) = 3
fcntl(3, F_GETFD)                       = 0
fcntl(3, F_SETFD, FD_CLOEXEC)           = 0
fstat(3, {st_mode=S_IFREG|0644, st_size=21, ...}) = 0
ioctl(3, TCGETS, 0x7ffdf213ccc0)        = -1 ENOTTY (Inappropriate ioctl for device)
lseek(3, 0, SEEK_CUR)                   = 0
fstat(3, {st_mode=S_IFREG|0644, st_size=21, ...}) = 0
read(3, "print(\"hello world\")\n", 4096) = 21
lseek(3, 0, SEEK_SET)                   = 0
read(3, "print(\"hello world\")\n", 4096) = 21
read(3, "", 4096)                       = 0
close(3)                                = 0
write(1, "hello world\n", 12)           = 12
rt_sigaction(SIGINT, {sa_handler=SIG_DFL, sa_mask=[], sa_flags=SA_RESTORER, sa_restorer=0x7fe800857890}, {sa_handler=0x444a20, sa_mask=[], sa_flags=SA_RESTORER, sa_restorer=0x7fe800857890}, 8) = 0
munmap(0x7fe7fed11000, 262144)          = 0
sigaltstack(NULL, {ss_sp=0xecac80, ss_flags=0, ss_size=8192}) = 0
sigaltstack({ss_sp=NULL, ss_flags=SS_DISABLE, ss_size=0}, NULL) = 0
exit_group(0)                           = ?
+++ exited with 0 +++
